2021-04-29 15:54:29,010:INFO:PyCaret Supervised Module
2021-04-29 15:54:29,040:INFO:ML Usecase: regression
2021-04-29 15:54:29,071:INFO:version 2.3.0
2021-04-29 15:54:29,102:INFO:Initializing setup()
2021-04-29 15:54:29,115:INFO:setup(target=SalePrice, ml_usecase=regression, available_plots={'parameter': 'Hyperparameters', 'residuals': 'Residuals', 'error': 'Prediction Error', 'cooks': 'Cooks Distance', 'rfe': 'Feature Selection', 'learning': 'Learning Curve', 'manifold': 'Manifold Learning', 'vc': 'Validation Curve', 'feature': 'Feature Importance', 'feature_all': 'Feature Importance (All)', 'tree': 'Decision Tree', 'residuals_interactive': 'Interactive Residuals'}, train_size=0.7, test_data=None, preprocess=True, imputation_type=simple, iterative_imputation_iters=5, categorical_features=None, categorical_imputation=constant, categorical_iterative_imputer=lightgbm, ordinal_features=None, high_cardinality_features=None, high_cardinality_method=frequency, numeric_features=None, numeric_imputation=mean, numeric_iterative_imputer=lightgbm, date_features=None, ignore_features=None, normalize=False, normalize_method=zscore, transformation=False, transformation_method=yeo-johnson, handle_unknown_categorical=True, unknown_categorical_method=least_frequent, pca=False, pca_method=linear, pca_components=None, ignore_low_variance=False, combine_rare_levels=False, rare_level_threshold=0.1, bin_numeric_features=None, remove_outliers=False, outliers_threshold=0.05, remove_multicollinearity=False, multicollinearity_threshold=0.9, remove_perfect_collinearity=True, create_clusters=False, cluster_iter=20, polynomial_features=False, polynomial_degree=2, trigonometry_features=False, polynomial_threshold=0.1, group_features=None, group_names=None, feature_selection=False, feature_selection_threshold=0.8, feature_selection_method=classic, feature_interaction=False, feature_ratio=False, interaction_threshold=0.01, fix_imbalance=False, fix_imbalance_method=None, transform_target=False, transform_target_method=box-cox, data_split_shuffle=True, data_split_stratify=False, fold_strategy=kfold, fold=10, fold_shuffle=False, fold_groups=None, n_jobs=-1, use_gpu=False, custom_pipeline=None, html=False, session_id=None, log_experiment=False, experiment_name=None, log_plots=False, log_profile=False, log_data=False, silent=True, verbose=True, profile=False, profile_kwargs=None, display=None)
2021-04-29 15:54:29,121:INFO:Checking environment
2021-04-29 15:54:29,124:INFO:python_version: 3.8.8
2021-04-29 15:54:29,125:INFO:python_build: ('default', 'Apr 13 2021 15:08:03')
2021-04-29 15:54:29,127:INFO:machine: AMD64
2021-04-29 15:54:29,128:INFO:platform: Windows-10-10.0.19041-SP0
2021-04-29 15:54:29,129:INFO:Memory: svmem(total=17092825088, available=1445539840, percent=91.5, used=15647285248, free=1445539840)
2021-04-29 15:54:29,130:INFO:Physical Core: 4
2021-04-29 15:54:29,131:INFO:Logical Core: 8
2021-04-29 15:54:29,132:INFO:Checking libraries
2021-04-29 15:54:29,133:INFO:pd==1.2.4
2021-04-29 15:54:29,133:INFO:numpy==1.19.5
2021-04-29 15:54:29,134:INFO:sklearn==0.23.2
2021-04-29 15:54:29,134:INFO:lightgbm==3.2.1
2021-04-29 15:54:29,335:INFO:catboost==0.25.1
2021-04-29 15:54:29,869:INFO:xgboost==1.4.1
2021-04-29 15:54:31,153:INFO:mlflow==1.16.0
2021-04-29 15:54:31,156:INFO:Checking Exceptions
2021-04-29 15:54:31,157:INFO:Declaring global variables
2021-04-29 15:54:31,158:INFO:USI: 9d78
2021-04-29 15:54:31,159:INFO:pycaret_globals: {'_ml_usecase', 'html_param', 'fold_generator', 'prep_pipe', 'transform_target_method_param', 'imputation_classifier', 'n_jobs_param', 'fold_shuffle_param', 'fold_param', 'fold_groups_param', 'exp_name_log', 'create_model_container', 'logging_param', 'y_test', 'log_plots_param', 'y_train', 'stratify_param', '_gpu_n_jobs_param', 'gpu_param', 'target_param', 'master_model_container', 'X', 'fix_imbalance_param', 'X_train', 'y', '_all_models', 'display_container', 'X_test', 'data_before_preprocess', '_all_models_internal', 'transform_target_param', 'pycaret_globals', '_all_metrics', 'fix_imbalance_method_param', 'USI', 'seed', 'experiment__', 'iterative_imputation_iters_param', '_available_plots', '_internal_pipeline', 'imputation_regressor'}
2021-04-29 15:54:31,162:INFO:Preparing display monitor
2021-04-29 15:54:31,165:INFO:Preparing display monitor
2021-04-29 15:54:31,166:INFO:Importing libraries
2021-04-29 15:54:31,166:INFO:Copying data for preprocessing
2021-04-29 15:54:31,169:INFO:Declaring preprocessing parameters
2021-04-29 15:54:31,176:INFO:Creating preprocessing pipeline
2021-04-29 15:54:31,317:INFO:Preprocessing pipeline created successfully
2021-04-29 15:54:31,317:ERROR:(Process Exit): setup has been interupted with user command 'quit'. setup must rerun.
2021-04-29 15:54:31,318:INFO:Creating global containers
2021-04-29 15:54:31,321:INFO:Internal pipeline: Pipeline(memory=None, steps=[('empty_step', 'passthrough')], verbose=False)
2021-04-29 15:54:33,358:INFO:Creating grid variables
2021-04-29 15:54:33,393:INFO:create_model_container: 0
2021-04-29 15:54:33,393:INFO:master_model_container: 0
2021-04-29 15:54:33,394:INFO:display_container: 1
2021-04-29 15:54:33,408:INFO:Pipeline(memory=None,
         steps=[('dtypes',
                 DataTypes_Auto_infer(categorical_features=[],
                                      display_types=False, features_todrop=[],
                                      id_columns=['Id'],
                                      ml_usecase='regression',
                                      numerical_features=[], target='SalePrice',
                                      time_features=[])),
                ('imputer',
                 Simple_Imputer(categorical_strategy='not_available',
                                fill_value_categorical=None,
                                fill_value_numerical=None,
                                numeric_s...
                ('scaling', 'passthrough'), ('P_transform', 'passthrough'),
                ('binn', 'passthrough'), ('rem_outliers', 'passthrough'),
                ('cluster_all', 'passthrough'),
                ('dummy', Dummify(target='SalePrice')),
                ('fix_perfect', Remove_100(target='SalePrice')),
                ('clean_names', Clean_Colum_Names()),
                ('feature_select', 'passthrough'), ('fix_multi', 'passthrough'),
                ('dfs', 'passthrough'), ('pca', 'passthrough')],
         verbose=False)
2021-04-29 15:54:33,412:INFO:setup() succesfully completed......................................
2021-04-29 15:54:33,589:INFO:Initializing compare_models()
2021-04-29 15:54:33,590:INFO:compare_models(include=None, fold=None, round=4, cross_validation=True, sort=R2, n_select=1, budget_time=None, turbo=True, errors=ignore, fit_kwargs=None, groups=None, verbose=True, display=None, exclude=None)
2021-04-29 15:54:33,590:INFO:Checking exceptions
2021-04-29 15:54:33,591:INFO:Preparing display monitor
2021-04-29 15:54:33,592:INFO:Preparing display monitor
2021-04-29 15:54:33,596:INFO:Initializing Linear Regression
2021-04-29 15:54:33,597:INFO:Total runtime is 1.6756852467854817e-05 minutes
2021-04-29 15:54:33,597:INFO:SubProcess create_model() called ==================================
2021-04-29 15:54:33,598:INFO:Initializing create_model()
2021-04-29 15:54:33,599:INFO:create_model(estimator=lr, fold=KFold(n_splits=10, random_state=None, shuffle=False), round=4, cross_validation=True, predict=True, fit_kwargs={}, groups=None, refit=False, verbose=False, system=False, metrics=None, display=<pycaret.internal.Display.Display object at 0x0000028765E3DEB0>, kwargs={})
2021-04-29 15:54:33,599:INFO:Checking exceptions
2021-04-29 15:54:33,600:INFO:Importing libraries
2021-04-29 15:54:33,601:INFO:Copying training dataset
2021-04-29 15:54:33,602:INFO:Defining folds
2021-04-29 15:54:33,603:INFO:Declaring metric variables
2021-04-29 15:54:33,604:INFO:Importing untrained model
2021-04-29 15:54:33,605:INFO:Linear Regression Imported succesfully
2021-04-29 15:54:33,606:INFO:Starting cross validation
2021-04-29 15:54:33,620:INFO:Cross validating with KFold(n_splits=10, random_state=None, shuffle=False), n_jobs=-1
2021-04-29 15:54:48,411:INFO:Calculating mean and std
2021-04-29 15:54:48,413:INFO:Creating metrics dataframe
2021-04-29 15:54:48,424:INFO:Uploading results into container
2021-04-29 15:54:48,425:INFO:Uploading model into container now
2021-04-29 15:54:48,425:INFO:create_model_container: 1
2021-04-29 15:54:48,426:INFO:master_model_container: 1
2021-04-29 15:54:48,427:INFO:display_container: 2
2021-04-29 15:54:48,428:INFO:LinearRegression(copy_X=True, fit_intercept=True, n_jobs=-1, normalize=False)
2021-04-29 15:54:48,429:INFO:create_model() succesfully completed......................................
2021-04-29 15:54:48,701:INFO:SubProcess create_model() end ==================================
2021-04-29 15:54:48,701:INFO:Creating metrics dataframe
2021-04-29 15:54:48,732:INFO:Initializing Lasso Regression
2021-04-29 15:54:48,733:INFO:Total runtime is 0.2522970318794251 minutes
2021-04-29 15:54:48,734:INFO:SubProcess create_model() called ==================================
2021-04-29 15:54:48,736:INFO:Initializing create_model()
2021-04-29 15:54:48,736:INFO:create_model(estimator=lasso, fold=KFold(n_splits=10, random_state=None, shuffle=False), round=4, cross_validation=True, predict=True, fit_kwargs={}, groups=None, refit=False, verbose=False, system=False, metrics=None, display=<pycaret.internal.Display.Display object at 0x0000028765E3DEB0>, kwargs={})
2021-04-29 15:54:48,738:INFO:Checking exceptions
2021-04-29 15:54:48,738:INFO:Importing libraries
2021-04-29 15:54:48,739:INFO:Copying training dataset
2021-04-29 15:54:48,741:INFO:Defining folds
2021-04-29 15:54:48,742:INFO:Declaring metric variables
2021-04-29 15:54:48,742:INFO:Importing untrained model
2021-04-29 15:54:48,745:INFO:Lasso Regression Imported succesfully
2021-04-29 15:54:48,746:INFO:Starting cross validation
2021-04-29 15:54:48,749:INFO:Cross validating with KFold(n_splits=10, random_state=None, shuffle=False), n_jobs=-1
2021-04-29 15:54:50,553:INFO:Calculating mean and std
2021-04-29 15:54:50,554:INFO:Creating metrics dataframe
2021-04-29 15:54:50,567:INFO:Uploading results into container
2021-04-29 15:54:50,570:INFO:Uploading model into container now
2021-04-29 15:54:50,571:INFO:create_model_container: 2
2021-04-29 15:54:50,572:INFO:master_model_container: 2
2021-04-29 15:54:50,573:INFO:display_container: 2
2021-04-29 15:54:50,574:INFO:Lasso(alpha=1.0, copy_X=True, fit_intercept=True, max_iter=1000,
      normalize=False, positive=False, precompute=False, random_state=4246,
      selection='cyclic', tol=0.0001, warm_start=False)
2021-04-29 15:54:50,576:INFO:create_model() succesfully completed......................................
2021-04-29 15:54:50,807:INFO:SubProcess create_model() end ==================================
2021-04-29 15:54:50,808:INFO:Creating metrics dataframe
2021-04-29 15:54:50,852:INFO:Initializing Ridge Regression
2021-04-29 15:54:50,854:INFO:Total runtime is 0.28764706452687583 minutes
2021-04-29 15:54:50,855:INFO:SubProcess create_model() called ==================================
2021-04-29 15:54:50,856:INFO:Initializing create_model()
2021-04-29 15:54:50,857:INFO:create_model(estimator=ridge, fold=KFold(n_splits=10, random_state=None, shuffle=False), round=4, cross_validation=True, predict=True, fit_kwargs={}, groups=None, refit=False, verbose=False, system=False, metrics=None, display=<pycaret.internal.Display.Display object at 0x0000028765E3DEB0>, kwargs={})
2021-04-29 15:54:50,858:INFO:Checking exceptions
2021-04-29 15:54:50,860:INFO:Importing libraries
2021-04-29 15:54:50,860:INFO:Copying training dataset
2021-04-29 15:54:50,865:INFO:Defining folds
2021-04-29 15:54:50,866:INFO:Declaring metric variables
2021-04-29 15:54:50,867:INFO:Importing untrained model
2021-04-29 15:54:50,868:INFO:Ridge Regression Imported succesfully
2021-04-29 15:54:50,870:INFO:Starting cross validation
2021-04-29 15:54:50,872:INFO:Cross validating with KFold(n_splits=10, random_state=None, shuffle=False), n_jobs=-1
2021-04-29 15:54:51,403:INFO:Calculating mean and std
2021-04-29 15:54:51,404:INFO:Creating metrics dataframe
2021-04-29 15:54:51,415:INFO:Uploading results into container
2021-04-29 15:54:51,416:INFO:Uploading model into container now
2021-04-29 15:54:51,416:INFO:create_model_container: 3
2021-04-29 15:54:51,417:INFO:master_model_container: 3
2021-04-29 15:54:51,418:INFO:display_container: 2
2021-04-29 15:54:51,420:INFO:Ridge(alpha=1.0, copy_X=True, fit_intercept=True, max_iter=None,
      normalize=False, random_state=4246, solver='auto', tol=0.001)
2021-04-29 15:54:51,421:INFO:create_model() succesfully completed......................................
2021-04-29 15:54:51,635:INFO:SubProcess create_model() end ==================================
2021-04-29 15:54:51,636:INFO:Creating metrics dataframe
2021-04-29 15:54:51,658:INFO:Initializing Elastic Net
2021-04-29 15:54:51,658:INFO:Total runtime is 0.30104143619537355 minutes
2021-04-29 15:54:51,659:INFO:SubProcess create_model() called ==================================
2021-04-29 15:54:51,660:INFO:Initializing create_model()
2021-04-29 15:54:51,661:INFO:create_model(estimator=en, fold=KFold(n_splits=10, random_state=None, shuffle=False), round=4, cross_validation=True, predict=True, fit_kwargs={}, groups=None, refit=False, verbose=False, system=False, metrics=None, display=<pycaret.internal.Display.Display object at 0x0000028765E3DEB0>, kwargs={})
2021-04-29 15:54:51,661:INFO:Checking exceptions
2021-04-29 15:54:51,663:INFO:Importing libraries
2021-04-29 15:54:51,663:INFO:Copying training dataset
2021-04-29 15:54:51,665:INFO:Defining folds
2021-04-29 15:54:51,666:INFO:Declaring metric variables
2021-04-29 15:54:51,667:INFO:Importing untrained model
2021-04-29 15:54:51,668:INFO:Elastic Net Imported succesfully
2021-04-29 15:54:51,669:INFO:Starting cross validation
2021-04-29 15:54:51,671:INFO:Cross validating with KFold(n_splits=10, random_state=None, shuffle=False), n_jobs=-1
2021-04-29 15:54:54,155:INFO:Calculating mean and std
2021-04-29 15:54:54,156:INFO:Creating metrics dataframe
2021-04-29 15:54:54,162:INFO:Uploading results into container
2021-04-29 15:54:54,163:INFO:Uploading model into container now
2021-04-29 15:54:54,165:INFO:create_model_container: 4
2021-04-29 15:54:54,166:INFO:master_model_container: 4
2021-04-29 15:54:54,167:INFO:display_container: 2
2021-04-29 15:54:54,169:INFO:ElasticNet(alpha=1.0, copy_X=True, fit_intercept=True, l1_ratio=0.5,
           max_iter=1000, normalize=False, positive=False, precompute=False,
           random_state=4246, selection='cyclic', tol=0.0001, warm_start=False)
2021-04-29 15:54:54,171:INFO:create_model() succesfully completed......................................
2021-04-29 15:54:54,380:INFO:SubProcess create_model() end ==================================
2021-04-29 15:54:54,381:INFO:Creating metrics dataframe
2021-04-29 15:54:54,407:INFO:Initializing Least Angle Regression
2021-04-29 15:54:54,407:INFO:Total runtime is 0.34685004154841104 minutes
2021-04-29 15:54:54,408:INFO:SubProcess create_model() called ==================================
2021-04-29 15:54:54,409:INFO:Initializing create_model()
2021-04-29 15:54:54,409:INFO:create_model(estimator=lar, fold=KFold(n_splits=10, random_state=None, shuffle=False), round=4, cross_validation=True, predict=True, fit_kwargs={}, groups=None, refit=False, verbose=False, system=False, metrics=None, display=<pycaret.internal.Display.Display object at 0x0000028765E3DEB0>, kwargs={})
2021-04-29 15:54:54,410:INFO:Checking exceptions
2021-04-29 15:54:54,410:INFO:Importing libraries
2021-04-29 15:54:54,411:INFO:Copying training dataset
2021-04-29 15:54:54,412:INFO:Defining folds
2021-04-29 15:54:54,413:INFO:Declaring metric variables
2021-04-29 15:54:54,414:INFO:Importing untrained model
2021-04-29 15:54:54,416:INFO:Least Angle Regression Imported succesfully
2021-04-29 15:54:54,417:INFO:Starting cross validation
2021-04-29 15:54:54,418:INFO:Cross validating with KFold(n_splits=10, random_state=None, shuffle=False), n_jobs=-1
2021-04-29 15:54:57,015:WARNING:create_model() for lar raised an exception or returned all 0.0, trying without fit_kwargs:
2021-04-29 15:54:57,031:WARNING:joblib.externals.loky.process_executor._RemoteTraceback: 
"""
Traceback (most recent call last):
  File "c:\users\p-bla\miniconda3\envs\ml4\lib\site-packages\joblib\externals\loky\process_executor.py", line 431, in _process_worker
    r = call_item()
  File "c:\users\p-bla\miniconda3\envs\ml4\lib\site-packages\joblib\externals\loky\process_executor.py", line 285, in __call__
    return self.fn(*self.args, **self.kwargs)
  File "c:\users\p-bla\miniconda3\envs\ml4\lib\site-packages\joblib\_parallel_backends.py", line 595, in __call__
    return self.func(*args, **kwargs)
  File "c:\users\p-bla\miniconda3\envs\ml4\lib\site-packages\joblib\parallel.py", line 262, in __call__
    return [func(*args, **kwargs)
  File "c:\users\p-bla\miniconda3\envs\ml4\lib\site-packages\joblib\parallel.py", line 262, in <listcomp>
    return [func(*args, **kwargs)
  File "c:\users\p-bla\miniconda3\envs\ml4\lib\site-packages\sklearn\model_selection\_validation.py", line 560, in _fit_and_score
    test_scores = _score(estimator, X_test, y_test, scorer)
  File "c:\users\p-bla\miniconda3\envs\ml4\lib\site-packages\sklearn\model_selection\_validation.py", line 607, in _score
    scores = scorer(estimator, X_test, y_test)
  File "c:\users\p-bla\miniconda3\envs\ml4\lib\site-packages\sklearn\metrics\_scorer.py", line 87, in __call__
    score = scorer._score(cached_call, estimator,
  File "c:\users\p-bla\miniconda3\envs\ml4\lib\site-packages\sklearn\metrics\_scorer.py", line 212, in _score
    return self._sign * self._score_func(y_true, y_pred,
  File "c:\users\p-bla\miniconda3\envs\ml4\lib\site-packages\sklearn\utils\validation.py", line 72, in inner_f
    return f(**kwargs)
  File "c:\users\p-bla\miniconda3\envs\ml4\lib\site-packages\sklearn\metrics\_regression.py", line 178, in mean_absolute_error
    y_type, y_true, y_pred, multioutput = _check_reg_targets(
  File "c:\users\p-bla\miniconda3\envs\ml4\lib\site-packages\sklearn\metrics\_regression.py", line 86, in _check_reg_targets
    y_pred = check_array(y_pred, ensure_2d=False, dtype=dtype)
  File "c:\users\p-bla\miniconda3\envs\ml4\lib\site-packages\sklearn\utils\validation.py", line 72, in inner_f
    return f(**kwargs)
  File "c:\users\p-bla\miniconda3\envs\ml4\lib\site-packages\sklearn\utils\validation.py", line 644, in check_array
    _assert_all_finite(array,
  File "c:\users\p-bla\miniconda3\envs\ml4\lib\site-packages\sklearn\utils\validation.py", line 96, in _assert_all_finite
    raise ValueError(
ValueError: Input contains NaN, infinity or a value too large for dtype('float64').
"""

The above exception was the direct cause of the following exception:

Traceback (most recent call last):
  File "c:\users\p-bla\miniconda3\envs\ml4\lib\site-packages\pycaret\internal\tabular.py", line 2163, in compare_models
    model, model_fit_time = create_model_supervised(
  File "c:\users\p-bla\miniconda3\envs\ml4\lib\site-packages\pycaret\internal\tabular.py", line 3112, in create_model_supervised
    scores = cross_validate(
  File "c:\users\p-bla\miniconda3\envs\ml4\lib\site-packages\sklearn\utils\validation.py", line 72, in inner_f
    return f(**kwargs)
  File "c:\users\p-bla\miniconda3\envs\ml4\lib\site-packages\sklearn\model_selection\_validation.py", line 242, in cross_validate
    scores = parallel(
  File "c:\users\p-bla\miniconda3\envs\ml4\lib\site-packages\joblib\parallel.py", line 1054, in __call__
    self.retrieve()
  File "c:\users\p-bla\miniconda3\envs\ml4\lib\site-packages\joblib\parallel.py", line 933, in retrieve
    self._output.extend(job.get(timeout=self.timeout))
  File "c:\users\p-bla\miniconda3\envs\ml4\lib\site-packages\joblib\_parallel_backends.py", line 542, in wrap_future_result
    return future.result(timeout=timeout)
  File "c:\users\p-bla\miniconda3\envs\ml4\lib\concurrent\futures\_base.py", line 432, in result
    return self.__get_result()
  File "c:\users\p-bla\miniconda3\envs\ml4\lib\concurrent\futures\_base.py", line 388, in __get_result
    raise self._exception
ValueError: Input contains NaN, infinity or a value too large for dtype('float64').

2021-04-29 15:54:57,048:INFO:Initializing create_model()
2021-04-29 15:54:57,049:INFO:create_model(estimator=lar, fold=KFold(n_splits=10, random_state=None, shuffle=False), round=4, cross_validation=True, predict=True, fit_kwargs=None, groups=None, refit=False, verbose=False, system=False, metrics=None, display=<pycaret.internal.Display.Display object at 0x0000028765E3DEB0>, kwargs={})
2021-04-29 15:54:57,049:INFO:Checking exceptions
2021-04-29 15:54:57,050:INFO:Importing libraries
2021-04-29 15:54:57,051:INFO:Copying training dataset
2021-04-29 15:54:57,053:INFO:Defining folds
2021-04-29 15:54:57,054:INFO:Declaring metric variables
2021-04-29 15:54:57,055:INFO:Importing untrained model
2021-04-29 15:54:57,056:INFO:Least Angle Regression Imported succesfully
2021-04-29 15:54:57,057:INFO:Starting cross validation
2021-04-29 15:54:57,059:INFO:Cross validating with KFold(n_splits=10, random_state=None, shuffle=False), n_jobs=-1
2021-04-29 15:55:11,552:ERROR:create_model() for lar raised an exception:
2021-04-29 15:55:11,554:ERROR:joblib.externals.loky.process_executor._RemoteTraceback: 
"""
Traceback (most recent call last):
  File "c:\users\p-bla\miniconda3\envs\ml4\lib\site-packages\joblib\externals\loky\process_executor.py", line 431, in _process_worker
    r = call_item()
  File "c:\users\p-bla\miniconda3\envs\ml4\lib\site-packages\joblib\externals\loky\process_executor.py", line 285, in __call__
    return self.fn(*self.args, **self.kwargs)
  File "c:\users\p-bla\miniconda3\envs\ml4\lib\site-packages\joblib\_parallel_backends.py", line 595, in __call__
    return self.func(*args, **kwargs)
  File "c:\users\p-bla\miniconda3\envs\ml4\lib\site-packages\joblib\parallel.py", line 262, in __call__
    return [func(*args, **kwargs)
  File "c:\users\p-bla\miniconda3\envs\ml4\lib\site-packages\joblib\parallel.py", line 262, in <listcomp>
    return [func(*args, **kwargs)
  File "c:\users\p-bla\miniconda3\envs\ml4\lib\site-packages\sklearn\model_selection\_validation.py", line 560, in _fit_and_score
    test_scores = _score(estimator, X_test, y_test, scorer)
  File "c:\users\p-bla\miniconda3\envs\ml4\lib\site-packages\sklearn\model_selection\_validation.py", line 607, in _score
    scores = scorer(estimator, X_test, y_test)
  File "c:\users\p-bla\miniconda3\envs\ml4\lib\site-packages\sklearn\metrics\_scorer.py", line 87, in __call__
    score = scorer._score(cached_call, estimator,
  File "c:\users\p-bla\miniconda3\envs\ml4\lib\site-packages\sklearn\metrics\_scorer.py", line 212, in _score
    return self._sign * self._score_func(y_true, y_pred,
  File "c:\users\p-bla\miniconda3\envs\ml4\lib\site-packages\sklearn\utils\validation.py", line 72, in inner_f
    return f(**kwargs)
  File "c:\users\p-bla\miniconda3\envs\ml4\lib\site-packages\sklearn\metrics\_regression.py", line 178, in mean_absolute_error
    y_type, y_true, y_pred, multioutput = _check_reg_targets(
  File "c:\users\p-bla\miniconda3\envs\ml4\lib\site-packages\sklearn\metrics\_regression.py", line 86, in _check_reg_targets
    y_pred = check_array(y_pred, ensure_2d=False, dtype=dtype)
  File "c:\users\p-bla\miniconda3\envs\ml4\lib\site-packages\sklearn\utils\validation.py", line 72, in inner_f
    return f(**kwargs)
  File "c:\users\p-bla\miniconda3\envs\ml4\lib\site-packages\sklearn\utils\validation.py", line 644, in check_array
    _assert_all_finite(array,
  File "c:\users\p-bla\miniconda3\envs\ml4\lib\site-packages\sklearn\utils\validation.py", line 96, in _assert_all_finite
    raise ValueError(
ValueError: Input contains NaN, infinity or a value too large for dtype('float64').
"""

The above exception was the direct cause of the following exception:

Traceback (most recent call last):
  File "c:\users\p-bla\miniconda3\envs\ml4\lib\site-packages\pycaret\internal\tabular.py", line 2183, in compare_models
    model, model_fit_time = create_model_supervised(
  File "c:\users\p-bla\miniconda3\envs\ml4\lib\site-packages\pycaret\internal\tabular.py", line 3112, in create_model_supervised
    scores = cross_validate(
  File "c:\users\p-bla\miniconda3\envs\ml4\lib\site-packages\sklearn\utils\validation.py", line 72, in inner_f
    return f(**kwargs)
  File "c:\users\p-bla\miniconda3\envs\ml4\lib\site-packages\sklearn\model_selection\_validation.py", line 242, in cross_validate
    scores = parallel(
  File "c:\users\p-bla\miniconda3\envs\ml4\lib\site-packages\joblib\parallel.py", line 1054, in __call__
    self.retrieve()
  File "c:\users\p-bla\miniconda3\envs\ml4\lib\site-packages\joblib\parallel.py", line 933, in retrieve
    self._output.extend(job.get(timeout=self.timeout))
  File "c:\users\p-bla\miniconda3\envs\ml4\lib\site-packages\joblib\_parallel_backends.py", line 542, in wrap_future_result
    return future.result(timeout=timeout)
  File "c:\users\p-bla\miniconda3\envs\ml4\lib\concurrent\futures\_base.py", line 432, in result
    return self.__get_result()
  File "c:\users\p-bla\miniconda3\envs\ml4\lib\concurrent\futures\_base.py", line 388, in __get_result
    raise self._exception
ValueError: Input contains NaN, infinity or a value too large for dtype('float64').

2021-04-29 15:55:11,579:INFO:Initializing Lasso Least Angle Regression
2021-04-29 15:55:11,581:INFO:Total runtime is 0.6330950697263082 minutes
2021-04-29 15:55:11,583:INFO:SubProcess create_model() called ==================================
2021-04-29 15:55:11,584:INFO:Initializing create_model()
2021-04-29 15:55:11,585:INFO:create_model(estimator=llar, fold=KFold(n_splits=10, random_state=None, shuffle=False), round=4, cross_validation=True, predict=True, fit_kwargs={}, groups=None, refit=False, verbose=False, system=False, metrics=None, display=<pycaret.internal.Display.Display object at 0x0000028765E3DEB0>, kwargs={})
2021-04-29 15:55:11,586:INFO:Checking exceptions
2021-04-29 15:55:11,587:INFO:Importing libraries
2021-04-29 15:55:11,587:INFO:Copying training dataset
2021-04-29 15:55:11,590:INFO:Defining folds
2021-04-29 15:55:11,590:INFO:Declaring metric variables
2021-04-29 15:55:11,591:INFO:Importing untrained model
2021-04-29 15:55:11,595:INFO:Lasso Least Angle Regression Imported succesfully
2021-04-29 15:55:11,596:INFO:Starting cross validation
2021-04-29 15:55:11,598:INFO:Cross validating with KFold(n_splits=10, random_state=None, shuffle=False), n_jobs=-1
2021-04-29 15:55:24,502:INFO:Calculating mean and std
2021-04-29 15:55:24,504:INFO:Creating metrics dataframe
2021-04-29 15:55:24,516:INFO:Uploading results into container
2021-04-29 15:55:24,517:INFO:Uploading model into container now
2021-04-29 15:55:24,518:INFO:create_model_container: 5
2021-04-29 15:55:24,518:INFO:master_model_container: 5
2021-04-29 15:55:24,519:INFO:display_container: 2
2021-04-29 15:55:24,521:INFO:LassoLars(alpha=1.0, copy_X=True, eps=2.220446049250313e-16, fit_intercept=True,
          fit_path=True, jitter=None, max_iter=500, normalize=True,
          positive=False, precompute='auto', random_state=4246, verbose=False)
2021-04-29 15:55:24,522:INFO:create_model() succesfully completed......................................
2021-04-29 15:55:24,775:INFO:SubProcess create_model() end ==================================
2021-04-29 15:55:24,776:INFO:Creating metrics dataframe
2021-04-29 15:55:24,818:INFO:Initializing Orthogonal Matching Pursuit
2021-04-29 15:55:24,819:INFO:Total runtime is 0.8537291288375854 minutes
2021-04-29 15:55:24,821:INFO:SubProcess create_model() called ==================================
2021-04-29 15:55:24,823:INFO:Initializing create_model()
2021-04-29 15:55:24,824:INFO:create_model(estimator=omp, fold=KFold(n_splits=10, random_state=None, shuffle=False), round=4, cross_validation=True, predict=True, fit_kwargs={}, groups=None, refit=False, verbose=False, system=False, metrics=None, display=<pycaret.internal.Display.Display object at 0x0000028765E3DEB0>, kwargs={})
2021-04-29 15:55:24,825:INFO:Checking exceptions
2021-04-29 15:55:24,825:INFO:Importing libraries
2021-04-29 15:55:24,826:INFO:Copying training dataset
2021-04-29 15:55:24,828:INFO:Defining folds
2021-04-29 15:55:24,829:INFO:Declaring metric variables
2021-04-29 15:55:24,831:INFO:Importing untrained model
2021-04-29 15:55:24,832:INFO:Orthogonal Matching Pursuit Imported succesfully
2021-04-29 15:55:24,833:INFO:Starting cross validation
2021-04-29 15:55:24,836:INFO:Cross validating with KFold(n_splits=10, random_state=None, shuffle=False), n_jobs=-1
2021-04-29 15:55:25,206:INFO:Calculating mean and std
2021-04-29 15:55:25,208:INFO:Creating metrics dataframe
2021-04-29 15:55:25,221:INFO:Uploading results into container
2021-04-29 15:55:25,222:INFO:Uploading model into container now
2021-04-29 15:55:25,223:INFO:create_model_container: 6
2021-04-29 15:55:25,224:INFO:master_model_container: 6
2021-04-29 15:55:25,224:INFO:display_container: 2
2021-04-29 15:55:25,226:INFO:OrthogonalMatchingPursuit(fit_intercept=True, n_nonzero_coefs=None,
                          normalize=True, precompute='auto', tol=None)
2021-04-29 15:55:25,227:INFO:create_model() succesfully completed......................................
2021-04-29 15:55:25,458:INFO:SubProcess create_model() end ==================================
2021-04-29 15:55:25,459:INFO:Creating metrics dataframe
2021-04-29 15:55:25,503:INFO:Initializing Bayesian Ridge
2021-04-29 15:55:25,505:INFO:Total runtime is 0.8651430010795593 minutes
2021-04-29 15:55:25,505:INFO:SubProcess create_model() called ==================================
2021-04-29 15:55:25,507:INFO:Initializing create_model()
2021-04-29 15:55:25,507:INFO:create_model(estimator=br, fold=KFold(n_splits=10, random_state=None, shuffle=False), round=4, cross_validation=True, predict=True, fit_kwargs={}, groups=None, refit=False, verbose=False, system=False, metrics=None, display=<pycaret.internal.Display.Display object at 0x0000028765E3DEB0>, kwargs={})
2021-04-29 15:55:25,509:INFO:Checking exceptions
2021-04-29 15:55:25,510:INFO:Importing libraries
2021-04-29 15:55:25,511:INFO:Copying training dataset
2021-04-29 15:55:25,514:INFO:Defining folds
2021-04-29 15:55:25,515:INFO:Declaring metric variables
2021-04-29 15:55:25,516:INFO:Importing untrained model
2021-04-29 15:55:25,518:INFO:Bayesian Ridge Imported succesfully
2021-04-29 15:55:25,519:INFO:Starting cross validation
2021-04-29 15:55:25,522:INFO:Cross validating with KFold(n_splits=10, random_state=None, shuffle=False), n_jobs=-1
2021-04-29 15:55:27,236:INFO:Calculating mean and std
2021-04-29 15:55:27,237:INFO:Creating metrics dataframe
2021-04-29 15:55:27,245:INFO:Uploading results into container
2021-04-29 15:55:27,246:INFO:Uploading model into container now
2021-04-29 15:55:27,247:INFO:create_model_container: 7
2021-04-29 15:55:27,248:INFO:master_model_container: 7
2021-04-29 15:55:27,249:INFO:display_container: 2
2021-04-29 15:55:27,250:INFO:BayesianRidge(alpha_1=1e-06, alpha_2=1e-06, alpha_init=None,
              compute_score=False, copy_X=True, fit_intercept=True,
              lambda_1=1e-06, lambda_2=1e-06, lambda_init=None, n_iter=300,
              normalize=False, tol=0.001, verbose=False)
2021-04-29 15:55:27,251:INFO:create_model() succesfully completed......................................
2021-04-29 15:55:27,476:INFO:SubProcess create_model() end ==================================
2021-04-29 15:55:27,477:INFO:Creating metrics dataframe
2021-04-29 15:55:27,506:INFO:Initializing Passive Aggressive Regressor
2021-04-29 15:55:27,508:INFO:Total runtime is 0.898525071144104 minutes
2021-04-29 15:55:27,508:INFO:SubProcess create_model() called ==================================
2021-04-29 15:55:27,509:INFO:Initializing create_model()
2021-04-29 15:55:27,510:INFO:create_model(estimator=par, fold=KFold(n_splits=10, random_state=None, shuffle=False), round=4, cross_validation=True, predict=True, fit_kwargs={}, groups=None, refit=False, verbose=False, system=False, metrics=None, display=<pycaret.internal.Display.Display object at 0x0000028765E3DEB0>, kwargs={})
2021-04-29 15:55:27,510:INFO:Checking exceptions
2021-04-29 15:55:27,511:INFO:Importing libraries
2021-04-29 15:55:27,511:INFO:Copying training dataset
2021-04-29 15:55:27,513:INFO:Defining folds
2021-04-29 15:55:27,514:INFO:Declaring metric variables
2021-04-29 15:55:27,515:INFO:Importing untrained model
2021-04-29 15:55:27,516:INFO:Passive Aggressive Regressor Imported succesfully
2021-04-29 15:55:27,517:INFO:Starting cross validation
2021-04-29 15:55:27,519:INFO:Cross validating with KFold(n_splits=10, random_state=None, shuffle=False), n_jobs=-1
2021-04-29 15:55:27,959:INFO:Calculating mean and std
2021-04-29 15:55:27,960:INFO:Creating metrics dataframe
2021-04-29 15:55:27,966:INFO:Uploading results into container
2021-04-29 15:55:27,966:INFO:Uploading model into container now
2021-04-29 15:55:27,967:INFO:create_model_container: 8
2021-04-29 15:55:27,967:INFO:master_model_container: 8
2021-04-29 15:55:27,968:INFO:display_container: 2
2021-04-29 15:55:27,969:INFO:PassiveAggressiveRegressor(C=1.0, average=False, early_stopping=False,
                           epsilon=0.1, fit_intercept=True,
                           loss='epsilon_insensitive', max_iter=1000,
                           n_iter_no_change=5, random_state=4246, shuffle=True,
                           tol=0.001, validation_fraction=0.1, verbose=0,
                           warm_start=False)
2021-04-29 15:55:27,970:INFO:create_model() succesfully completed......................................
2021-04-29 15:55:28,144:INFO:SubProcess create_model() end ==================================
2021-04-29 15:55:28,144:INFO:Creating metrics dataframe
2021-04-29 15:55:28,170:INFO:Initializing Huber Regressor
2021-04-29 15:55:28,170:INFO:Total runtime is 0.909569756189982 minutes
2021-04-29 15:55:28,171:INFO:SubProcess create_model() called ==================================
2021-04-29 15:55:28,172:INFO:Initializing create_model()
2021-04-29 15:55:28,172:INFO:create_model(estimator=huber, fold=KFold(n_splits=10, random_state=None, shuffle=False), round=4, cross_validation=True, predict=True, fit_kwargs={}, groups=None, refit=False, verbose=False, system=False, metrics=None, display=<pycaret.internal.Display.Display object at 0x0000028765E3DEB0>, kwargs={})
2021-04-29 15:55:28,174:INFO:Checking exceptions
2021-04-29 15:55:28,174:INFO:Importing libraries
2021-04-29 15:55:28,174:INFO:Copying training dataset
2021-04-29 15:55:28,176:INFO:Defining folds
2021-04-29 15:55:28,177:INFO:Declaring metric variables
2021-04-29 15:55:28,178:INFO:Importing untrained model
2021-04-29 15:55:28,179:INFO:Huber Regressor Imported succesfully
2021-04-29 15:55:28,180:INFO:Starting cross validation
2021-04-29 15:55:28,182:INFO:Cross validating with KFold(n_splits=10, random_state=None, shuffle=False), n_jobs=-1
2021-04-29 15:55:34,195:INFO:Calculating mean and std
2021-04-29 15:55:34,196:INFO:Creating metrics dataframe
2021-04-29 15:55:34,205:INFO:Uploading results into container
2021-04-29 15:55:34,206:INFO:Uploading model into container now
2021-04-29 15:55:34,207:INFO:create_model_container: 9
2021-04-29 15:55:34,207:INFO:master_model_container: 9
2021-04-29 15:55:34,208:INFO:display_container: 2
2021-04-29 15:55:34,210:INFO:HuberRegressor(alpha=0.0001, epsilon=1.35, fit_intercept=True, max_iter=100,
               tol=1e-05, warm_start=False)
2021-04-29 15:55:34,212:INFO:create_model() succesfully completed......................................
2021-04-29 15:55:34,413:INFO:SubProcess create_model() end ==================================
2021-04-29 15:55:34,414:INFO:Creating metrics dataframe
2021-04-29 15:55:34,443:INFO:Initializing K Neighbors Regressor
2021-04-29 15:55:34,445:INFO:Total runtime is 1.0141653537750244 minutes
2021-04-29 15:55:34,446:INFO:SubProcess create_model() called ==================================
2021-04-29 15:55:34,449:INFO:Initializing create_model()
2021-04-29 15:55:34,450:INFO:create_model(estimator=knn, fold=KFold(n_splits=10, random_state=None, shuffle=False), round=4, cross_validation=True, predict=True, fit_kwargs={}, groups=None, refit=False, verbose=False, system=False, metrics=None, display=<pycaret.internal.Display.Display object at 0x0000028765E3DEB0>, kwargs={})
2021-04-29 15:55:34,451:INFO:Checking exceptions
2021-04-29 15:55:34,452:INFO:Importing libraries
2021-04-29 15:55:34,453:INFO:Copying training dataset
2021-04-29 15:55:34,455:INFO:Defining folds
2021-04-29 15:55:34,456:INFO:Declaring metric variables
2021-04-29 15:55:34,458:INFO:Importing untrained model
2021-04-29 15:55:34,460:INFO:K Neighbors Regressor Imported succesfully
2021-04-29 15:55:34,461:INFO:Starting cross validation
2021-04-29 15:55:34,464:INFO:Cross validating with KFold(n_splits=10, random_state=None, shuffle=False), n_jobs=-1
2021-04-29 15:55:35,388:INFO:Calculating mean and std
2021-04-29 15:55:35,390:INFO:Creating metrics dataframe
2021-04-29 15:55:35,407:INFO:Uploading results into container
2021-04-29 15:55:35,408:INFO:Uploading model into container now
2021-04-29 15:55:35,409:INFO:create_model_container: 10
2021-04-29 15:55:35,410:INFO:master_model_container: 10
2021-04-29 15:55:35,412:INFO:display_container: 2
2021-04-29 15:55:35,414:INFO:KNeighborsRegressor(algorithm='auto', leaf_size=30, metric='minkowski',
                    metric_params=None, n_jobs=-1, n_neighbors=5, p=2,
                    weights='uniform')
2021-04-29 15:55:35,416:INFO:create_model() succesfully completed......................................
2021-04-29 15:55:35,758:INFO:SubProcess create_model() end ==================================
2021-04-29 15:55:35,759:INFO:Creating metrics dataframe
2021-04-29 15:55:35,811:INFO:Initializing Decision Tree Regressor
2021-04-29 15:55:35,812:INFO:Total runtime is 1.0369351704915364 minutes
2021-04-29 15:55:35,813:INFO:SubProcess create_model() called ==================================
2021-04-29 15:55:35,814:INFO:Initializing create_model()
2021-04-29 15:55:35,815:INFO:create_model(estimator=dt, fold=KFold(n_splits=10, random_state=None, shuffle=False), round=4, cross_validation=True, predict=True, fit_kwargs={}, groups=None, refit=False, verbose=False, system=False, metrics=None, display=<pycaret.internal.Display.Display object at 0x0000028765E3DEB0>, kwargs={})
2021-04-29 15:55:35,816:INFO:Checking exceptions
2021-04-29 15:55:35,816:INFO:Importing libraries
2021-04-29 15:55:35,817:INFO:Copying training dataset
2021-04-29 15:55:35,819:INFO:Defining folds
2021-04-29 15:55:35,859:INFO:Declaring metric variables
2021-04-29 15:55:35,859:INFO:Importing untrained model
2021-04-29 15:55:35,861:INFO:Decision Tree Regressor Imported succesfully
2021-04-29 15:55:35,862:INFO:Starting cross validation
2021-04-29 15:55:35,864:INFO:Cross validating with KFold(n_splits=10, random_state=None, shuffle=False), n_jobs=-1
2021-04-29 15:55:36,700:INFO:Calculating mean and std
2021-04-29 15:55:36,701:INFO:Creating metrics dataframe
2021-04-29 15:55:36,707:INFO:Uploading results into container
2021-04-29 15:55:36,709:INFO:Uploading model into container now
2021-04-29 15:55:36,709:INFO:create_model_container: 11
2021-04-29 15:55:36,710:INFO:master_model_container: 11
2021-04-29 15:55:36,711:INFO:display_container: 2
2021-04-29 15:55:36,713:INFO:DecisionTreeRegressor(ccp_alpha=0.0, criterion='mse', max_depth=None,
                      max_features=None, max_leaf_nodes=None,
                      min_impurity_decrease=0.0, min_impurity_split=None,
                      min_samples_leaf=1, min_samples_split=2,
                      min_weight_fraction_leaf=0.0, presort='deprecated',
                      random_state=4246, splitter='best')
2021-04-29 15:55:36,717:INFO:create_model() succesfully completed......................................
2021-04-29 15:55:36,934:INFO:SubProcess create_model() end ==================================
2021-04-29 15:55:36,935:INFO:Creating metrics dataframe
2021-04-29 15:55:36,971:INFO:Initializing Random Forest Regressor
2021-04-29 15:55:36,972:INFO:Total runtime is 1.0562800447146097 minutes
2021-04-29 15:55:36,973:INFO:SubProcess create_model() called ==================================
2021-04-29 15:55:36,974:INFO:Initializing create_model()
2021-04-29 15:55:36,975:INFO:create_model(estimator=rf, fold=KFold(n_splits=10, random_state=None, shuffle=False), round=4, cross_validation=True, predict=True, fit_kwargs={}, groups=None, refit=False, verbose=False, system=False, metrics=None, display=<pycaret.internal.Display.Display object at 0x0000028765E3DEB0>, kwargs={})
2021-04-29 15:55:36,976:INFO:Checking exceptions
2021-04-29 15:55:36,977:INFO:Importing libraries
2021-04-29 15:55:36,978:INFO:Copying training dataset
2021-04-29 15:55:36,981:INFO:Defining folds
2021-04-29 15:55:36,982:INFO:Declaring metric variables
2021-04-29 15:55:36,983:INFO:Importing untrained model
2021-04-29 15:55:36,984:INFO:Random Forest Regressor Imported succesfully
2021-04-29 15:55:36,985:INFO:Starting cross validation
2021-04-29 15:55:36,986:INFO:Cross validating with KFold(n_splits=10, random_state=None, shuffle=False), n_jobs=-1
2021-04-29 15:55:52,881:INFO:Calculating mean and std
2021-04-29 15:55:52,883:INFO:Creating metrics dataframe
2021-04-29 15:55:52,900:INFO:Uploading results into container
2021-04-29 15:55:52,902:INFO:Uploading model into container now
2021-04-29 15:55:52,902:INFO:create_model_container: 12
2021-04-29 15:55:52,903:INFO:master_model_container: 12
2021-04-29 15:55:52,904:INFO:display_container: 2
2021-04-29 15:55:52,907:INFO:RandomForestRegressor(bootstrap=True, ccp_alpha=0.0, criterion='mse',
                      max_depth=None, max_features='auto', max_leaf_nodes=None,
                      max_samples=None, min_impurity_decrease=0.0,
                      min_impurity_split=None, min_samples_leaf=1,
                      min_samples_split=2, min_weight_fraction_leaf=0.0,
                      n_estimators=100, n_jobs=-1, oob_score=False,
                      random_state=4246, verbose=0, warm_start=False)
2021-04-29 15:55:52,912:INFO:create_model() succesfully completed......................................
2021-04-29 15:55:53,301:INFO:SubProcess create_model() end ==================================
2021-04-29 15:55:53,302:INFO:Creating metrics dataframe
2021-04-29 15:55:53,389:INFO:Initializing Extra Trees Regressor
2021-04-29 15:55:53,391:INFO:Total runtime is 1.3299296975135801 minutes
2021-04-29 15:55:53,393:INFO:SubProcess create_model() called ==================================
2021-04-29 15:55:53,396:INFO:Initializing create_model()
2021-04-29 15:55:53,397:INFO:create_model(estimator=et, fold=KFold(n_splits=10, random_state=None, shuffle=False), round=4, cross_validation=True, predict=True, fit_kwargs={}, groups=None, refit=False, verbose=False, system=False, metrics=None, display=<pycaret.internal.Display.Display object at 0x0000028765E3DEB0>, kwargs={})
2021-04-29 15:55:53,400:INFO:Checking exceptions
2021-04-29 15:55:53,403:INFO:Importing libraries
2021-04-29 15:55:53,407:INFO:Copying training dataset
2021-04-29 15:55:53,417:INFO:Defining folds
2021-04-29 15:55:53,430:INFO:Declaring metric variables
2021-04-29 15:55:53,432:INFO:Importing untrained model
2021-04-29 15:55:53,434:INFO:Extra Trees Regressor Imported succesfully
2021-04-29 15:55:53,436:INFO:Starting cross validation
2021-04-29 15:55:53,441:INFO:Cross validating with KFold(n_splits=10, random_state=None, shuffle=False), n_jobs=-1
2021-04-29 15:56:13,336:INFO:Calculating mean and std
2021-04-29 15:56:13,338:INFO:Creating metrics dataframe
2021-04-29 15:56:13,353:INFO:Uploading results into container
2021-04-29 15:56:13,354:INFO:Uploading model into container now
2021-04-29 15:56:13,354:INFO:create_model_container: 13
2021-04-29 15:56:13,355:INFO:master_model_container: 13
2021-04-29 15:56:13,356:INFO:display_container: 2
2021-04-29 15:56:13,358:INFO:ExtraTreesRegressor(bootstrap=False, ccp_alpha=0.0, criterion='mse',
                    max_depth=None, max_features='auto', max_leaf_nodes=None,
                    max_samples=None, min_impurity_decrease=0.0,
                    min_impurity_split=None, min_samples_leaf=1,
                    min_samples_split=2, min_weight_fraction_leaf=0.0,
                    n_estimators=100, n_jobs=-1, oob_score=False,
                    random_state=4246, verbose=0, warm_start=False)
2021-04-29 15:56:13,360:INFO:create_model() succesfully completed......................................
2021-04-29 15:56:13,661:INFO:SubProcess create_model() end ==================================
2021-04-29 15:56:13,662:INFO:Creating metrics dataframe
2021-04-29 15:56:13,718:INFO:Initializing AdaBoost Regressor
2021-04-29 15:56:13,720:INFO:Total runtime is 1.6687381227811175 minutes
2021-04-29 15:56:13,721:INFO:SubProcess create_model() called ==================================
2021-04-29 15:56:13,723:INFO:Initializing create_model()
2021-04-29 15:56:13,723:INFO:create_model(estimator=ada, fold=KFold(n_splits=10, random_state=None, shuffle=False), round=4, cross_validation=True, predict=True, fit_kwargs={}, groups=None, refit=False, verbose=False, system=False, metrics=None, display=<pycaret.internal.Display.Display object at 0x0000028765E3DEB0>, kwargs={})
2021-04-29 15:56:13,725:INFO:Checking exceptions
2021-04-29 15:56:13,726:INFO:Importing libraries
2021-04-29 15:56:13,727:INFO:Copying training dataset
2021-04-29 15:56:13,729:INFO:Defining folds
2021-04-29 15:56:13,732:INFO:Declaring metric variables
2021-04-29 15:56:13,733:INFO:Importing untrained model
2021-04-29 15:56:13,734:INFO:AdaBoost Regressor Imported succesfully
2021-04-29 15:56:13,735:INFO:Starting cross validation
2021-04-29 15:56:13,738:INFO:Cross validating with KFold(n_splits=10, random_state=None, shuffle=False), n_jobs=-1
2021-04-29 15:56:18,394:INFO:Calculating mean and std
2021-04-29 15:56:18,396:INFO:Creating metrics dataframe
2021-04-29 15:56:18,406:INFO:Uploading results into container
2021-04-29 15:56:18,408:INFO:Uploading model into container now
2021-04-29 15:56:18,409:INFO:create_model_container: 14
2021-04-29 15:56:18,410:INFO:master_model_container: 14
2021-04-29 15:56:18,411:INFO:display_container: 2
2021-04-29 15:56:18,412:INFO:AdaBoostRegressor(base_estimator=None, learning_rate=1.0, loss='linear',
                  n_estimators=50, random_state=4246)
2021-04-29 15:56:18,414:INFO:create_model() succesfully completed......................................
2021-04-29 15:56:18,712:INFO:SubProcess create_model() end ==================================
2021-04-29 15:56:18,713:INFO:Creating metrics dataframe
2021-04-29 15:56:18,775:INFO:Initializing Gradient Boosting Regressor
2021-04-29 15:56:18,776:INFO:Total runtime is 1.7530108968416849 minutes
2021-04-29 15:56:18,777:INFO:SubProcess create_model() called ==================================
2021-04-29 15:56:18,779:INFO:Initializing create_model()
2021-04-29 15:56:18,780:INFO:create_model(estimator=gbr, fold=KFold(n_splits=10, random_state=None, shuffle=False), round=4, cross_validation=True, predict=True, fit_kwargs={}, groups=None, refit=False, verbose=False, system=False, metrics=None, display=<pycaret.internal.Display.Display object at 0x0000028765E3DEB0>, kwargs={})
2021-04-29 15:56:18,781:INFO:Checking exceptions
2021-04-29 15:56:18,782:INFO:Importing libraries
2021-04-29 15:56:18,782:INFO:Copying training dataset
2021-04-29 15:56:18,785:INFO:Defining folds
2021-04-29 15:56:18,785:INFO:Declaring metric variables
2021-04-29 15:56:18,790:INFO:Importing untrained model
2021-04-29 15:56:18,794:INFO:Gradient Boosting Regressor Imported succesfully
2021-04-29 15:56:18,795:INFO:Starting cross validation
2021-04-29 15:56:18,797:INFO:Cross validating with KFold(n_splits=10, random_state=None, shuffle=False), n_jobs=-1
2021-04-29 15:56:25,468:INFO:Calculating mean and std
2021-04-29 15:56:25,469:INFO:Creating metrics dataframe
2021-04-29 15:56:25,488:INFO:Uploading results into container
2021-04-29 15:56:25,491:INFO:Uploading model into container now
2021-04-29 15:56:25,492:INFO:create_model_container: 15
2021-04-29 15:56:25,494:INFO:master_model_container: 15
2021-04-29 15:56:25,498:INFO:display_container: 2
2021-04-29 15:56:25,501:INFO:GradientBoostingRegressor(alpha=0.9, ccp_alpha=0.0, criterion='friedman_mse',
                          init=None, learning_rate=0.1, loss='ls', max_depth=3,
                          max_features=None, max_leaf_nodes=None,
                          min_impurity_decrease=0.0, min_impurity_split=None,
                          min_samples_leaf=1, min_samples_split=2,
                          min_weight_fraction_leaf=0.0, n_estimators=100,
                          n_iter_no_change=None, presort='deprecated',
                          random_state=4246, subsample=1.0, tol=0.0001,
                          validation_fraction=0.1, verbose=0, warm_start=False)
2021-04-29 15:56:25,507:INFO:create_model() succesfully completed......................................
2021-04-29 15:56:25,833:INFO:SubProcess create_model() end ==================================
2021-04-29 15:56:25,834:INFO:Creating metrics dataframe
2021-04-29 15:56:25,893:INFO:Initializing Extreme Gradient Boosting
2021-04-29 15:56:25,895:INFO:Total runtime is 1.8716345866521198 minutes
2021-04-29 15:56:25,895:INFO:SubProcess create_model() called ==================================
2021-04-29 15:56:25,897:INFO:Initializing create_model()
2021-04-29 15:56:25,898:INFO:create_model(estimator=xgboost, fold=KFold(n_splits=10, random_state=None, shuffle=False), round=4, cross_validation=True, predict=True, fit_kwargs={}, groups=None, refit=False, verbose=False, system=False, metrics=None, display=<pycaret.internal.Display.Display object at 0x0000028765E3DEB0>, kwargs={})
2021-04-29 15:56:25,899:INFO:Checking exceptions
2021-04-29 15:56:25,900:INFO:Importing libraries
2021-04-29 15:56:25,901:INFO:Copying training dataset
2021-04-29 15:56:25,904:INFO:Defining folds
2021-04-29 15:56:25,905:INFO:Declaring metric variables
2021-04-29 15:56:25,906:INFO:Importing untrained model
2021-04-29 15:56:25,908:INFO:Extreme Gradient Boosting Imported succesfully
2021-04-29 15:56:25,909:INFO:Starting cross validation
2021-04-29 15:56:25,916:INFO:Cross validating with KFold(n_splits=10, random_state=None, shuffle=False), n_jobs=-1
2021-04-29 15:56:51,267:INFO:Calculating mean and std
2021-04-29 15:56:51,268:INFO:Creating metrics dataframe
2021-04-29 15:56:51,280:INFO:Uploading results into container
2021-04-29 15:56:51,280:INFO:Uploading model into container now
2021-04-29 15:56:51,281:INFO:create_model_container: 16
2021-04-29 15:56:51,282:INFO:master_model_container: 16
2021-04-29 15:56:51,283:INFO:display_container: 2
2021-04-29 15:56:51,285:INFO:XGBRegressor(base_score=None, booster='gbtree', colsample_bylevel=None,
             colsample_bynode=None, colsample_bytree=None, gamma=None,
             gpu_id=None, importance_type='gain', interaction_constraints=None,
             learning_rate=None, max_delta_step=None, max_depth=None,
             min_child_weight=None, missing=nan, monotone_constraints=None,
             n_estimators=100, n_jobs=-1, num_parallel_tree=None,
             objective='reg:squarederror', random_state=4246, reg_alpha=None,
             reg_lambda=None, scale_pos_weight=None, subsample=None,
             tree_method='auto', validate_parameters=None, verbosity=0)
2021-04-29 15:56:51,288:INFO:create_model() succesfully completed......................................
2021-04-29 15:56:51,504:INFO:SubProcess create_model() end ==================================
2021-04-29 15:56:51,505:INFO:Creating metrics dataframe
2021-04-29 15:56:51,550:INFO:Initializing Light Gradient Boosting Machine
2021-04-29 15:56:51,551:INFO:Total runtime is 2.2992555499076843 minutes
2021-04-29 15:56:51,553:INFO:SubProcess create_model() called ==================================
2021-04-29 15:56:51,554:INFO:Initializing create_model()
2021-04-29 15:56:51,555:INFO:create_model(estimator=lightgbm, fold=KFold(n_splits=10, random_state=None, shuffle=False), round=4, cross_validation=True, predict=True, fit_kwargs={}, groups=None, refit=False, verbose=False, system=False, metrics=None, display=<pycaret.internal.Display.Display object at 0x0000028765E3DEB0>, kwargs={})
2021-04-29 15:56:51,556:INFO:Checking exceptions
2021-04-29 15:56:51,557:INFO:Importing libraries
2021-04-29 15:56:51,557:INFO:Copying training dataset
2021-04-29 15:56:51,559:INFO:Defining folds
2021-04-29 15:56:51,561:INFO:Declaring metric variables
2021-04-29 15:56:51,562:INFO:Importing untrained model
2021-04-29 15:56:51,565:INFO:Light Gradient Boosting Machine Imported succesfully
2021-04-29 15:56:51,566:INFO:Starting cross validation
2021-04-29 15:56:51,569:INFO:Cross validating with KFold(n_splits=10, random_state=None, shuffle=False), n_jobs=-1
2021-04-29 15:56:55,416:INFO:Calculating mean and std
2021-04-29 15:56:55,418:INFO:Creating metrics dataframe
2021-04-29 15:56:55,429:INFO:Uploading results into container
2021-04-29 15:56:55,430:INFO:Uploading model into container now
2021-04-29 15:56:55,431:INFO:create_model_container: 17
2021-04-29 15:56:55,432:INFO:master_model_container: 17
2021-04-29 15:56:55,433:INFO:display_container: 2
2021-04-29 15:56:55,435:INFO:LGBMRegressor(boosting_type='gbdt', class_weight=None, colsample_bytree=1.0,
              importance_type='split', learning_rate=0.1, max_depth=-1,
              min_child_samples=20, min_child_weight=0.001, min_split_gain=0.0,
              n_estimators=100, n_jobs=-1, num_leaves=31, objective=None,
              random_state=4246, reg_alpha=0.0, reg_lambda=0.0, silent=True,
              subsample=1.0, subsample_for_bin=200000, subsample_freq=0)
2021-04-29 15:56:55,437:INFO:create_model() succesfully completed......................................
2021-04-29 15:56:55,664:INFO:SubProcess create_model() end ==================================
2021-04-29 15:56:55,665:INFO:Creating metrics dataframe
2021-04-29 15:56:55,715:INFO:Initializing CatBoost Regressor
2021-04-29 15:56:55,715:INFO:Total runtime is 2.368660930792491 minutes
2021-04-29 15:56:55,716:INFO:SubProcess create_model() called ==================================
2021-04-29 15:56:55,717:INFO:Initializing create_model()
2021-04-29 15:56:55,718:INFO:create_model(estimator=catboost, fold=KFold(n_splits=10, random_state=None, shuffle=False), round=4, cross_validation=True, predict=True, fit_kwargs={}, groups=None, refit=False, verbose=False, system=False, metrics=None, display=<pycaret.internal.Display.Display object at 0x0000028765E3DEB0>, kwargs={})
2021-04-29 15:56:55,719:INFO:Checking exceptions
2021-04-29 15:56:55,720:INFO:Importing libraries
2021-04-29 15:56:55,720:INFO:Copying training dataset
2021-04-29 15:56:55,723:INFO:Defining folds
2021-04-29 15:56:55,724:INFO:Declaring metric variables
2021-04-29 15:56:55,725:INFO:Importing untrained model
2021-04-29 15:56:55,730:INFO:CatBoost Regressor Imported succesfully
2021-04-29 15:56:55,731:INFO:Starting cross validation
2021-04-29 15:56:55,736:INFO:Cross validating with KFold(n_splits=10, random_state=None, shuffle=False), n_jobs=-1
2021-04-29 15:58:14,030:INFO:Calculating mean and std
2021-04-29 15:58:14,034:INFO:Creating metrics dataframe
2021-04-29 15:58:14,044:INFO:Uploading results into container
2021-04-29 15:58:14,045:INFO:Uploading model into container now
2021-04-29 15:58:14,046:INFO:create_model_container: 18
2021-04-29 15:58:14,047:INFO:master_model_container: 18
2021-04-29 15:58:14,047:INFO:display_container: 2
2021-04-29 15:58:14,048:INFO:<catboost.core.CatBoostRegressor object at 0x000002876824D3D0>
2021-04-29 15:58:14,048:INFO:create_model() succesfully completed......................................
2021-04-29 15:58:14,237:WARNING:create_model() for <catboost.core.CatBoostRegressor object at 0x000002876824D3D0> raised an exception or returned all 0.0, trying without fit_kwargs:
2021-04-29 15:58:14,238:WARNING:Traceback (most recent call last):
  File "c:\users\p-bla\miniconda3\envs\ml4\lib\site-packages\pycaret\internal\tabular.py", line 2176, in compare_models
    assert np.sum(model_results.iloc[0]) != 0.0
AssertionError

2021-04-29 15:58:14,239:INFO:Initializing create_model()
2021-04-29 15:58:14,240:INFO:create_model(estimator=<catboost.core.CatBoostRegressor object at 0x000002876824D3D0>, fold=KFold(n_splits=10, random_state=None, shuffle=False), round=4, cross_validation=True, predict=True, fit_kwargs=None, groups=None, refit=False, verbose=False, system=False, metrics=None, display=<pycaret.internal.Display.Display object at 0x0000028765E3DEB0>, kwargs={})
2021-04-29 15:58:14,241:INFO:Checking exceptions
2021-04-29 15:58:14,241:INFO:Importing libraries
2021-04-29 15:58:14,242:INFO:Copying training dataset
2021-04-29 15:58:14,244:INFO:Defining folds
2021-04-29 15:58:14,244:INFO:Declaring metric variables
2021-04-29 15:58:14,245:INFO:Importing untrained model
2021-04-29 15:58:14,245:INFO:Declaring custom model
2021-04-29 15:58:14,246:INFO:CatBoost Regressor Imported succesfully
2021-04-29 15:58:14,247:INFO:Starting cross validation
2021-04-29 15:58:14,249:INFO:Cross validating with KFold(n_splits=10, random_state=None, shuffle=False), n_jobs=-1
2021-04-29 15:59:36,508:INFO:Calculating mean and std
2021-04-29 15:59:36,510:INFO:Creating metrics dataframe
2021-04-29 15:59:36,521:INFO:Uploading results into container
2021-04-29 15:59:36,521:INFO:Uploading model into container now
2021-04-29 15:59:36,522:INFO:create_model_container: 19
2021-04-29 15:59:36,523:INFO:master_model_container: 19
2021-04-29 15:59:36,524:INFO:display_container: 2
2021-04-29 15:59:36,524:INFO:<catboost.core.CatBoostRegressor object at 0x000002876825FDF0>
2021-04-29 15:59:36,525:INFO:create_model() succesfully completed......................................
2021-04-29 15:59:36,815:INFO:SubProcess create_model() end ==================================
2021-04-29 15:59:36,816:INFO:Creating metrics dataframe
2021-04-29 15:59:36,896:INFO:Initializing create_model()
2021-04-29 15:59:36,897:INFO:create_model(estimator=<catboost.core.CatBoostRegressor object at 0x000002876825FDF0>, fold=KFold(n_splits=10, random_state=None, shuffle=False), round=4, cross_validation=False, predict=False, fit_kwargs={}, groups=None, refit=True, verbose=False, system=False, metrics=None, display=None, kwargs={})
2021-04-29 15:59:36,898:INFO:Checking exceptions
2021-04-29 15:59:36,899:INFO:Importing libraries
2021-04-29 15:59:36,899:INFO:Copying training dataset
2021-04-29 15:59:36,902:INFO:Defining folds
2021-04-29 15:59:36,903:INFO:Declaring metric variables
2021-04-29 15:59:36,904:INFO:Importing untrained model
2021-04-29 15:59:36,905:INFO:Declaring custom model
2021-04-29 15:59:36,907:INFO:CatBoost Regressor Imported succesfully
2021-04-29 15:59:36,909:INFO:Cross validation set to False
2021-04-29 15:59:36,910:INFO:Fitting Model
2021-04-29 15:59:51,075:INFO:<catboost.core.CatBoostRegressor object at 0x0000028768256FD0>
2021-04-29 15:59:51,076:INFO:create_models() succesfully completed......................................
2021-04-29 15:59:51,430:INFO:create_model_container: 19
2021-04-29 15:59:51,431:INFO:master_model_container: 19
2021-04-29 15:59:51,431:INFO:display_container: 2
2021-04-29 15:59:51,432:INFO:<catboost.core.CatBoostRegressor object at 0x0000028768256FD0>
2021-04-29 15:59:51,434:INFO:compare_models() succesfully completed......................................
2021-04-29 15:59:51,435:INFO:Initializing get_config()
2021-04-29 15:59:51,435:INFO:get_config(variable=display_container)
2021-04-29 15:59:51,496:INFO:Global variable: display_container returned as [<pandas.io.formats.style.Styler object at 0x000002876785B2B0>,                                     Model           MAE           MSE          RMSE            R2   RMSLE       MAPE  TT (Sec)
catboost               CatBoost Regressor  1.644085e+04  9.219480e+08  2.974691e+04  8.588000e-01  0.1359     0.0932     8.226
gbr           Gradient Boosting Regressor  1.802262e+04  9.954093e+08  3.066257e+04  8.454000e-01  0.1469     0.1045     0.667
lightgbm  Light Gradient Boosting Machine  1.841200e+04  1.006919e+09  3.102830e+04  8.452000e-01  0.1514     0.1062     0.385
xgboost         Extreme Gradient Boosting  1.911832e+04  1.107730e+09  3.268583e+04  8.279000e-01  0.1567     0.1105     2.535
rf                Random Forest Regressor  1.909717e+04  1.161182e+09  3.317870e+04  8.236000e-01  0.1624     0.1139     1.589
ada                    AdaBoost Regressor  2.601026e+04  1.549509e+09  3.889264e+04  7.666000e-01  0.2184     0.1727     0.466
omp           Orthogonal Matching Pursuit  1.912572e+04  1.510338e+09  3.584796e+04  7.611000e-01  0.1682     0.1117     0.037
ridge                    Ridge Regression  2.045963e+04  1.516683e+09  3.658825e+04  7.595000e-01  0.1970     0.1204     0.053
et                  Extra Trees Regressor  2.303267e+04  1.599643e+09  3.935406e+04  7.450000e-01  0.1872     0.1351     1.989
lasso                    Lasso Regression  2.099358e+04  1.663582e+09  3.866839e+04  7.400000e-01  0.2166     0.1245     0.180
en                            Elastic Net  2.180254e+04  1.799425e+09  3.999496e+04  7.149000e-01  0.1709     0.1247     0.248
lr                      Linear Regression  2.522197e+04  2.172834e+09  4.455074e+04  6.609000e-01  0.2803     0.1543     1.479
dt                Decision Tree Regressor  2.827666e+04  2.215793e+09  4.562819e+04  6.580000e-01  0.2213     0.1639     0.084
br                         Bayesian Ridge  2.571146e+04  2.192524e+09  4.473207e+04  6.524000e-01  0.2010     0.1470     0.171
knn                 K Neighbors Regressor  3.028819e+04  2.378917e+09  4.778701e+04  6.496000e-01  0.2307     0.1768     0.092
huber                     Huber Regressor  2.832690e+04  2.361727e+09  4.683560e+04  6.210000e-01  0.2235     0.1701     0.601
par          Passive Aggressive Regressor  3.616376e+04  4.341499e+09  6.110102e+04  3.539000e-01  0.2619     0.2191     0.044
llar         Lasso Least Angle Regression  7.244394e+08  3.067102e+20  7.316316e+09 -5.672086e+10  0.6070  8139.8957     1.290]
2021-04-29 15:59:51,502:INFO:get_config() succesfully completed......................................
2021-04-29 16:02:33,941:INFO:Initializing get_config()
2021-04-29 16:02:33,946:INFO:get_config(variable=display_container)
2021-04-29 16:02:33,966:INFO:Global variable: display_container returned as [<pandas.io.formats.style.Styler object at 0x000002876785B2B0>,                                     Model           MAE           MSE          RMSE            R2   RMSLE       MAPE  TT (Sec)
catboost               CatBoost Regressor  1.644085e+04  9.219480e+08  2.974691e+04  8.588000e-01  0.1359     0.0932     8.226
gbr           Gradient Boosting Regressor  1.802262e+04  9.954093e+08  3.066257e+04  8.454000e-01  0.1469     0.1045     0.667
lightgbm  Light Gradient Boosting Machine  1.841200e+04  1.006919e+09  3.102830e+04  8.452000e-01  0.1514     0.1062     0.385
xgboost         Extreme Gradient Boosting  1.911832e+04  1.107730e+09  3.268583e+04  8.279000e-01  0.1567     0.1105     2.535
rf                Random Forest Regressor  1.909717e+04  1.161182e+09  3.317870e+04  8.236000e-01  0.1624     0.1139     1.589
ada                    AdaBoost Regressor  2.601026e+04  1.549509e+09  3.889264e+04  7.666000e-01  0.2184     0.1727     0.466
omp           Orthogonal Matching Pursuit  1.912572e+04  1.510338e+09  3.584796e+04  7.611000e-01  0.1682     0.1117     0.037
ridge                    Ridge Regression  2.045963e+04  1.516683e+09  3.658825e+04  7.595000e-01  0.1970     0.1204     0.053
et                  Extra Trees Regressor  2.303267e+04  1.599643e+09  3.935406e+04  7.450000e-01  0.1872     0.1351     1.989
lasso                    Lasso Regression  2.099358e+04  1.663582e+09  3.866839e+04  7.400000e-01  0.2166     0.1245     0.180
en                            Elastic Net  2.180254e+04  1.799425e+09  3.999496e+04  7.149000e-01  0.1709     0.1247     0.248
lr                      Linear Regression  2.522197e+04  2.172834e+09  4.455074e+04  6.609000e-01  0.2803     0.1543     1.479
dt                Decision Tree Regressor  2.827666e+04  2.215793e+09  4.562819e+04  6.580000e-01  0.2213     0.1639     0.084
br                         Bayesian Ridge  2.571146e+04  2.192524e+09  4.473207e+04  6.524000e-01  0.2010     0.1470     0.171
knn                 K Neighbors Regressor  3.028819e+04  2.378917e+09  4.778701e+04  6.496000e-01  0.2307     0.1768     0.092
huber                     Huber Regressor  2.832690e+04  2.361727e+09  4.683560e+04  6.210000e-01  0.2235     0.1701     0.601
par          Passive Aggressive Regressor  3.616376e+04  4.341499e+09  6.110102e+04  3.539000e-01  0.2619     0.2191     0.044
llar         Lasso Least Angle Regression  7.244394e+08  3.067102e+20  7.316316e+09 -5.672086e+10  0.6070  8139.8957     1.290]
2021-04-29 16:02:34,000:INFO:get_config() succesfully completed......................................
2021-04-29 16:02:44,105:INFO:Initializing get_config()
2021-04-29 16:02:44,107:INFO:get_config(variable=display_container)
2021-04-29 16:02:44,147:INFO:Global variable: display_container returned as [<pandas.io.formats.style.Styler object at 0x000002876785B2B0>,                                     Model           MAE           MSE          RMSE            R2   RMSLE       MAPE  TT (Sec)
catboost               CatBoost Regressor  1.644085e+04  9.219480e+08  2.974691e+04  8.588000e-01  0.1359     0.0932     8.226
gbr           Gradient Boosting Regressor  1.802262e+04  9.954093e+08  3.066257e+04  8.454000e-01  0.1469     0.1045     0.667
lightgbm  Light Gradient Boosting Machine  1.841200e+04  1.006919e+09  3.102830e+04  8.452000e-01  0.1514     0.1062     0.385
xgboost         Extreme Gradient Boosting  1.911832e+04  1.107730e+09  3.268583e+04  8.279000e-01  0.1567     0.1105     2.535
rf                Random Forest Regressor  1.909717e+04  1.161182e+09  3.317870e+04  8.236000e-01  0.1624     0.1139     1.589
ada                    AdaBoost Regressor  2.601026e+04  1.549509e+09  3.889264e+04  7.666000e-01  0.2184     0.1727     0.466
omp           Orthogonal Matching Pursuit  1.912572e+04  1.510338e+09  3.584796e+04  7.611000e-01  0.1682     0.1117     0.037
ridge                    Ridge Regression  2.045963e+04  1.516683e+09  3.658825e+04  7.595000e-01  0.1970     0.1204     0.053
et                  Extra Trees Regressor  2.303267e+04  1.599643e+09  3.935406e+04  7.450000e-01  0.1872     0.1351     1.989
lasso                    Lasso Regression  2.099358e+04  1.663582e+09  3.866839e+04  7.400000e-01  0.2166     0.1245     0.180
en                            Elastic Net  2.180254e+04  1.799425e+09  3.999496e+04  7.149000e-01  0.1709     0.1247     0.248
lr                      Linear Regression  2.522197e+04  2.172834e+09  4.455074e+04  6.609000e-01  0.2803     0.1543     1.479
dt                Decision Tree Regressor  2.827666e+04  2.215793e+09  4.562819e+04  6.580000e-01  0.2213     0.1639     0.084
br                         Bayesian Ridge  2.571146e+04  2.192524e+09  4.473207e+04  6.524000e-01  0.2010     0.1470     0.171
knn                 K Neighbors Regressor  3.028819e+04  2.378917e+09  4.778701e+04  6.496000e-01  0.2307     0.1768     0.092
huber                     Huber Regressor  2.832690e+04  2.361727e+09  4.683560e+04  6.210000e-01  0.2235     0.1701     0.601
par          Passive Aggressive Regressor  3.616376e+04  4.341499e+09  6.110102e+04  3.539000e-01  0.2619     0.2191     0.044
llar         Lasso Least Angle Regression  7.244394e+08  3.067102e+20  7.316316e+09 -5.672086e+10  0.6070  8139.8957     1.290]
2021-04-29 16:02:44,153:INFO:get_config() succesfully completed......................................
2021-04-29 16:03:40,207:INFO:Initializing get_config()
2021-04-29 16:03:40,209:INFO:get_config(variable=display_container)
2021-04-29 16:03:40,236:INFO:Global variable: display_container returned as [<pandas.io.formats.style.Styler object at 0x000002876785B2B0>,                                     Model           MAE           MSE          RMSE            R2   RMSLE       MAPE  TT (Sec)
catboost               CatBoost Regressor  1.644085e+04  9.219480e+08  2.974691e+04  8.588000e-01  0.1359     0.0932     8.226
gbr           Gradient Boosting Regressor  1.802262e+04  9.954093e+08  3.066257e+04  8.454000e-01  0.1469     0.1045     0.667
lightgbm  Light Gradient Boosting Machine  1.841200e+04  1.006919e+09  3.102830e+04  8.452000e-01  0.1514     0.1062     0.385
xgboost         Extreme Gradient Boosting  1.911832e+04  1.107730e+09  3.268583e+04  8.279000e-01  0.1567     0.1105     2.535
rf                Random Forest Regressor  1.909717e+04  1.161182e+09  3.317870e+04  8.236000e-01  0.1624     0.1139     1.589
ada                    AdaBoost Regressor  2.601026e+04  1.549509e+09  3.889264e+04  7.666000e-01  0.2184     0.1727     0.466
omp           Orthogonal Matching Pursuit  1.912572e+04  1.510338e+09  3.584796e+04  7.611000e-01  0.1682     0.1117     0.037
ridge                    Ridge Regression  2.045963e+04  1.516683e+09  3.658825e+04  7.595000e-01  0.1970     0.1204     0.053
et                  Extra Trees Regressor  2.303267e+04  1.599643e+09  3.935406e+04  7.450000e-01  0.1872     0.1351     1.989
lasso                    Lasso Regression  2.099358e+04  1.663582e+09  3.866839e+04  7.400000e-01  0.2166     0.1245     0.180
en                            Elastic Net  2.180254e+04  1.799425e+09  3.999496e+04  7.149000e-01  0.1709     0.1247     0.248
lr                      Linear Regression  2.522197e+04  2.172834e+09  4.455074e+04  6.609000e-01  0.2803     0.1543     1.479
dt                Decision Tree Regressor  2.827666e+04  2.215793e+09  4.562819e+04  6.580000e-01  0.2213     0.1639     0.084
br                         Bayesian Ridge  2.571146e+04  2.192524e+09  4.473207e+04  6.524000e-01  0.2010     0.1470     0.171
knn                 K Neighbors Regressor  3.028819e+04  2.378917e+09  4.778701e+04  6.496000e-01  0.2307     0.1768     0.092
huber                     Huber Regressor  2.832690e+04  2.361727e+09  4.683560e+04  6.210000e-01  0.2235     0.1701     0.601
par          Passive Aggressive Regressor  3.616376e+04  4.341499e+09  6.110102e+04  3.539000e-01  0.2619     0.2191     0.044
llar         Lasso Least Angle Regression  7.244394e+08  3.067102e+20  7.316316e+09 -5.672086e+10  0.6070  8139.8957     1.290]
2021-04-29 16:03:40,241:INFO:get_config() succesfully completed......................................
