2021-07-28,22:02:53 [INFO] (app.py:app:242): Parsing config file c:\users\p-bla\miniconda3\envs\ml\lib\site-packages\tabpy\tabpy_server\app\..\common\default.conf
2021-07-28,22:02:53 [DEBUG] (app.py:app:203): Parameter port set to "9004" from default value
2021-07-28,22:02:53 [DEBUG] (app.py:app:203): Parameter server_version set to "2.3.1" from default value
2021-07-28,22:02:53 [DEBUG] (app.py:app:203): Parameter evaluate_timeout set to "30" from default value
2021-07-28,22:02:53 [DEBUG] (app.py:app:203): Parameter upload_dir set to "c:\users\p-bla\miniconda3\envs\ml\lib\site-packages\tabpy\tmp\query_objects" from default value
2021-07-28,22:02:53 [DEBUG] (app.py:app:203): Parameter transfer_protocol set to "http" from default value
2021-07-28,22:02:53 [DEBUG] (app.py:app:210): Parameter certificate_file is not set
2021-07-28,22:02:53 [DEBUG] (app.py:app:210): Parameter key_file is not set
2021-07-28,22:02:53 [DEBUG] (app.py:app:203): Parameter state_file_path set to "c:\users\p-bla\miniconda3\envs\ml\lib\site-packages\tabpy\tabpy_server" from default value
2021-07-28,22:02:53 [DEBUG] (app.py:app:203): Parameter static_path set to "c:\users\p-bla\miniconda3\envs\ml\lib\site-packages\tabpy\tabpy_server\static" from default value
2021-07-28,22:02:53 [DEBUG] (app.py:app:210): Parameter TABPY_PWD_FILE is not set
2021-07-28,22:02:53 [DEBUG] (app.py:app:203): Parameter log_request_context set to "false" from default value
2021-07-28,22:02:53 [DEBUG] (app.py:app:203): Parameter max_request_size_in_mb set to "100" from default value
2021-07-28,22:02:53 [DEBUG] (app.py:app:425): File C:\Users\p-bla\miniconda3\envs\ml\Lib\site-packages\tabpy\tabpy_server\state.ini not found, creating from template c:\users\p-bla\miniconda3\envs\ml\lib\site-packages\tabpy\tabpy_server\state.ini.template...
2021-07-28,22:02:53 [INFO] (app.py:app:431): Loading state from state file C:\Users\p-bla\miniconda3\envs\ml\Lib\site-packages\tabpy\tabpy_server\state.ini
2021-07-28,22:02:53 [DEBUG] (app.py:app:309): Static pages folder set to "c:\users\p-bla\miniconda3\envs\ml\lib\site-packages\tabpy\tabpy_server\static"
2021-07-28,22:02:53 [INFO] (app.py:app:328): Password file is not specified: Authentication is not enabled
2021-07-28,22:02:53 [INFO] (app.py:app:343): Call context logging is disabled
2021-07-28,22:02:53 [INFO] (app.py:app:124): Initializing TabPy...
2021-07-28,22:02:53 [DEBUG] (proactor_events.py:proactor_events:623): Using proactor: IocpProactor
2021-07-28,22:02:53 [INFO] (callbacks.py:callbacks:43): Initializing TabPy Server...
2021-07-28,22:02:53 [DEBUG] (state.py:state:613): Loading option 'None' from section [Query Objects Service Versions]...
2021-07-28,22:02:53 [DEBUG] (state.py:state:635): Returning value '[]'
2021-07-28,22:02:53 [DEBUG] (state.py:state:148): Collected endpoints: {}
2021-07-28,22:02:53 [INFO] (app.py:app:128): Done initializing TabPy.
2021-07-28,22:02:53 [DEBUG] (selector_events.py:selector_events:59): Using selector: SelectSelector
2021-07-28,22:02:53 [INFO] (app.py:app:82): Setting max request size to 104857600 bytes
2021-07-28,22:02:53 [INFO] (callbacks.py:callbacks:64): Initializing models...
2021-07-28,22:02:53 [DEBUG] (state.py:state:613): Loading option 'None' from section [Query Objects Service Versions]...
2021-07-28,22:02:53 [DEBUG] (state.py:state:635): Returning value '[]'
2021-07-28,22:02:53 [DEBUG] (state.py:state:148): Collected endpoints: {}
2021-07-28,22:02:53 [INFO] (app.py:app:105): Web service listening on port 9004
2021-07-28,22:08:54 [CRITICAL] (app.py:app:116): Exiting on signal 2...
2021-07-28,22:08:54 [INFO] (app.py:app:122): Shutting down TabPy...
2021-07-28,22:08:54 [INFO] (app.py:app:122): Shutting down TabPy...
